<?xml version="1.0" encoding="UTF-8"?>
<!-- Generated by org.testng.reporters.JUnitReportReporter -->
<testsuite hostname="DESKTOP-9IIJM6L" failures="0" tests="2" name="com.qa.tests.GetAPITest" time="1.431" errors="0" timestamp="2022-06-28T18:18:22 IST" skipped="0">
  <testcase classname="com.qa.tests.GetAPITest" name="getAPITestwithoutHeaders" time="0.770"/>
  <system-out/>
  <testcase classname="com.qa.tests.GetAPITest" name="getAPITestwithHeaders" time="0.661"/>
  <system-out/>
</testsuite> <!-- com.qa.tests.GetAPITest -->
