<?xml version="1.0" encoding="UTF-8"?>
<!-- Generated by org.testng.reporters.JUnitReportReporter -->
<testsuite hostname="DESKTOP-9IIJM6L" failures="0" tests="1" name="com.qa.tests.PostAPITest" time="1.593" errors="0" timestamp="2022-07-04T11:03:33 IST" skipped="0">
  <testcase classname="com.qa.tests.PostAPITest" name="postAPITest" time="1.593"/>
  <system-out/>
</testsuite> <!-- com.qa.tests.PostAPITest -->
